{"C:\\wamp64\\www\\Fast-Food-Delivery-App\\build\\server.js":{"path":"C:\\wamp64\\www\\Fast-Food-Delivery-App\\build\\server.js","s":{"1":1,"2":1,"3":1,"4":1,"5":1,"6":1,"7":0,"8":0,"9":0,"10":0,"11":0,"12":1,"13":2,"14":0,"15":0,"16":0,"17":0,"18":0,"19":0,"20":0,"21":0,"22":0,"23":0,"24":0,"25":0,"26":0,"27":0,"28":0,"29":0,"30":0,"31":0,"32":0,"33":0,"34":0,"35":0,"36":0,"37":0,"38":0,"39":0},"b":{"1":[0,2],"2":[2,2]},"f":{"1":2,"2":0},"fnMap":{"1":{"name":"_interopRequireDefault","line":27,"loc":{"start":{"line":27,"column":0},"end":{"line":27,"column":37}}},"2":{"name":"(anonymous_2)","line":82,"loc":{"start":{"line":82,"column":13},"end":{"line":82,"column":33}}}},"statementMap":{"1":{"start":{"line":3,"column":0},"end":{"line":5,"column":3}},"2":{"start":{"line":7,"column":0},"end":{"line":7,"column":34}},"3":{"start":{"line":9,"column":0},"end":{"line":9,"column":49}},"4":{"start":{"line":11,"column":0},"end":{"line":11,"column":41}},"5":{"start":{"line":13,"column":0},"end":{"line":13,"column":55}},"6":{"start":{"line":15,"column":0},"end":{"line":15,"column":50}},"7":{"start":{"line":17,"column":0},"end":{"line":17,"column":47}},"8":{"start":{"line":19,"column":0},"end":{"line":19,"column":48}},"9":{"start":{"line":21,"column":0},"end":{"line":21,"column":45}},"10":{"start":{"line":23,"column":0},"end":{"line":23,"column":46}},"11":{"start":{"line":25,"column":0},"end":{"line":25,"column":43}},"12":{"start":{"line":27,"column":0},"end":{"line":27,"column":95}},"13":{"start":{"line":27,"column":39},"end":{"line":27,"column":93}},"14":{"start":{"line":29,"column":0},"end":{"line":29,"column":35}},"15":{"start":{"line":31,"column":0},"end":{"line":31,"column":34}},"16":{"start":{"line":32,"column":0},"end":{"line":32,"column":37}},"17":{"start":{"line":33,"column":0},"end":{"line":33,"column":62}},"18":{"start":{"line":36,"column":0},"end":{"line":36,"column":58}},"19":{"start":{"line":37,"column":0},"end":{"line":37,"column":57}},"20":{"start":{"line":38,"column":0},"end":{"line":38,"column":60}},"21":{"start":{"line":39,"column":0},"end":{"line":39,"column":60}},"22":{"start":{"line":40,"column":0},"end":{"line":40,"column":63}},"23":{"start":{"line":43,"column":0},"end":{"line":43,"column":59}},"24":{"start":{"line":44,"column":0},"end":{"line":44,"column":58}},"25":{"start":{"line":45,"column":0},"end":{"line":45,"column":57}},"26":{"start":{"line":46,"column":0},"end":{"line":46,"column":57}},"27":{"start":{"line":47,"column":0},"end":{"line":47,"column":60}},"28":{"start":{"line":50,"column":0},"end":{"line":50,"column":53}},"29":{"start":{"line":51,"column":0},"end":{"line":51,"column":53}},"30":{"start":{"line":52,"column":0},"end":{"line":52,"column":56}},"31":{"start":{"line":53,"column":0},"end":{"line":53,"column":56}},"32":{"start":{"line":54,"column":0},"end":{"line":54,"column":59}},"33":{"start":{"line":55,"column":0},"end":{"line":55,"column":59}},"34":{"start":{"line":57,"column":0},"end":{"line":80,"column":2}},"35":{"start":{"line":82,"column":0},"end":{"line":84,"column":3}},"36":{"start":{"line":83,"column":2},"end":{"line":83,"column":54}},"37":{"start":{"line":86,"column":0},"end":{"line":86,"column":17}},"38":{"start":{"line":88,"column":0},"end":{"line":88,"column":22}},"39":{"start":{"line":90,"column":0},"end":{"line":90,"column":42}}},"branchMap":{"1":{"line":27,"type":"cond-expr","locations":[{"start":{"line":27,"column":70},"end":{"line":27,"column":73}},{"start":{"line":27,"column":76},"end":{"line":27,"column":92}}]},"2":{"line":27,"type":"binary-expr","locations":[{"start":{"line":27,"column":46},"end":{"line":27,"column":49}},{"start":{"line":27,"column":53},"end":{"line":27,"column":67}}]}}}}