TN:
SF:C:/wamp64/www/Fast-Food-Delivery-App/server.js
FN:28,_interopRequireDefault
FN:83,(anonymous_1)
FNF:2
FNH:1
FNDA:5,_interopRequireDefault
FNDA:0,(anonymous_1)
DA:3,1
DA:6,1
DA:8,1
DA:10,1
DA:12,1
DA:14,1
DA:16,1
DA:18,1
DA:20,1
DA:22,1
DA:24,1
DA:26,1
DA:28,5
DA:30,1
DA:32,1
DA:33,1
DA:34,1
DA:37,1
DA:38,1
DA:39,1
DA:40,1
DA:41,1
DA:44,1
DA:45,1
DA:46,1
DA:47,1
DA:48,1
DA:51,1
DA:52,1
DA:53,1
DA:54,1
DA:55,1
DA:56,1
DA:58,1
DA:83,1
DA:84,0
DA:87,1
DA:89,1
DA:90,1
LF:39
LH:38
BRDA:28,0,0,3
BRDA:28,0,1,2
BRDA:28,1,0,5
BRDA:28,1,1,5
BRDA:87,2,0,1
BRDA:87,2,1,1
BRF:6
BRH:6
end_of_record
TN:
SF:C:/wamp64/www/Fast-Food-Delivery-App/build/api/controllers/admin.js
FN:11,_interopRequireDefault
FN:17,createFoodItems
FN:27,getAllFoodItems
FN:40,getOneItem
FN:50,updateItem
FN:61,deleteItem
FNF:6
FNH:6
FNDA:1,_interopRequireDefault
FNDA:2,createFoodItems
FNDA:1,getAllFoodItems
FNDA:1,getOneItem
FNDA:1,updateItem
FNDA:1,deleteItem
DA:3,1
DA:7,1
DA:9,1
DA:11,1
DA:14,1
DA:18,2
DA:19,1
DA:21,1
DA:22,1
DA:28,1
DA:29,1
DA:30,1
DA:31,0
DA:33,1
DA:35,1
DA:41,1
DA:42,1
DA:43,1
DA:45,0
DA:51,1
DA:52,1
DA:53,1
DA:55,0
DA:56,0
DA:62,1
DA:63,1
DA:64,1
DA:66,0
DA:67,0
DA:71,1
LF:30
LH:24
BRDA:11,0,0,1
BRDA:11,0,1,0
BRDA:11,1,0,1
BRDA:11,1,1,1
BRDA:18,2,0,1
BRDA:18,2,1,1
BRDA:18,3,0,2
BRDA:18,3,1,2
BRDA:18,3,2,2
BRDA:18,3,3,1
BRDA:18,3,4,1
BRDA:30,4,0,0
BRDA:30,4,1,1
BRDA:42,5,0,1
BRDA:42,5,1,0
BRDA:52,6,0,1
BRDA:52,6,1,0
BRDA:63,7,0,1
BRDA:63,7,1,0
BRF:19
BRH:14
end_of_record
TN:
SF:C:/wamp64/www/Fast-Food-Delivery-App/build/api/controllers/orders.js
FN:11,_interopRequireDefault
FN:17,createOrders
FN:27,getAllOrders
FN:40,getOneOrder
FN:50,updateOrder
FN:61,deleteOrder
FNF:6
FNH:6
FNDA:1,_interopRequireDefault
FNDA:2,createOrders
FNDA:1,getAllOrders
FNDA:1,getOneOrder
FNDA:1,updateOrder
FNDA:1,deleteOrder
DA:3,1
DA:7,1
DA:9,1
DA:11,1
DA:14,1
DA:18,2
DA:19,1
DA:21,1
DA:22,1
DA:28,1
DA:29,1
DA:30,1
DA:31,0
DA:33,1
DA:35,1
DA:41,1
DA:42,1
DA:43,1
DA:45,0
DA:51,1
DA:52,1
DA:53,1
DA:55,0
DA:56,0
DA:62,1
DA:63,1
DA:64,1
DA:66,0
DA:67,0
DA:71,1
LF:30
LH:24
BRDA:11,0,0,1
BRDA:11,0,1,0
BRDA:11,1,0,1
BRDA:11,1,1,1
BRDA:18,2,0,1
BRDA:18,2,1,1
BRDA:18,3,0,2
BRDA:18,3,1,2
BRDA:18,3,2,2
BRDA:18,3,3,1
BRDA:18,3,4,1
BRDA:18,3,5,1
BRDA:30,4,0,0
BRDA:30,4,1,1
BRDA:42,5,0,1
BRDA:42,5,1,0
BRDA:52,6,0,1
BRDA:52,6,1,0
BRDA:63,7,0,1
BRDA:63,7,1,0
BRF:20
BRH:15
end_of_record
TN:
SF:C:/wamp64/www/Fast-Food-Delivery-App/build/api/controllers/user.js
FN:15,_interopRequireDefault
FN:21,createUser
FN:35,getAllUsers
FN:48,getOneUser
FN:55,userSigin
FN:61,(anonymous_5)
FN:71,updateUser
FN:82,deleteUser
FNF:8
FNH:8
FNDA:2,_interopRequireDefault
FNDA:3,createUser
FNDA:1,getAllUsers
FNDA:2,getOneUser
FNDA:2,userSigin
FNDA:2,(anonymous_5)
FNDA:1,updateUser
FNDA:1,deleteUser
DA:3,1
DA:7,1
DA:9,1
DA:11,1
DA:13,1
DA:15,2
DA:18,1
DA:22,3
DA:23,1
DA:25,2
DA:26,2
DA:27,1
DA:29,1
DA:30,1
DA:36,1
DA:37,1
DA:38,1
DA:39,0
DA:41,1
DA:43,1
DA:49,2
DA:50,2
DA:51,1
DA:53,1
DA:56,2
DA:57,2
DA:58,2
DA:59,0
DA:61,2
DA:62,2
DA:63,2
DA:65,0
DA:72,1
DA:73,1
DA:74,1
DA:76,0
DA:77,0
DA:83,1
DA:84,1
DA:85,1
DA:87,0
DA:88,0
DA:92,1
LF:43
LH:36
BRDA:15,0,0,1
BRDA:15,0,1,1
BRDA:15,1,0,2
BRDA:15,1,1,2
BRDA:22,2,0,1
BRDA:22,2,1,2
BRDA:22,3,0,3
BRDA:22,3,1,2
BRDA:22,3,2,2
BRDA:22,3,3,2
BRDA:26,4,0,1
BRDA:26,4,1,1
BRDA:38,5,0,0
BRDA:38,5,1,1
BRDA:50,6,0,1
BRDA:50,6,1,1
BRDA:58,7,0,0
BRDA:58,7,1,2
BRDA:62,8,0,2
BRDA:62,8,1,0
BRDA:73,9,0,1
BRDA:73,9,1,0
BRDA:84,10,0,1
BRDA:84,10,1,0
BRF:24
BRH:19
end_of_record
TN:
SF:C:/wamp64/www/Fast-Food-Delivery-App/build/api/model/admin.js
FN:7,(anonymous_0)
FN:7,defineProperties
FN:7,(anonymous_2)
FN:17,_interopRequireDefault
FN:19,_classCallCheck
FN:21,(anonymous_5)
FN:23,FoodItems
FN:33,createFoodItems
FN:52,findOneItem
FN:53,(anonymous_9)
FN:63,findAllItems
FN:70,updateItem
FN:86,deleteItem
FNF:13
FNH:11
FNDA:1,(anonymous_0)
FNDA:1,defineProperties
FNDA:1,(anonymous_2)
FNDA:2,_interopRequireDefault
FNDA:1,_classCallCheck
FNDA:1,(anonymous_5)
FNDA:1,FoodItems
FNDA:1,createFoodItems
FNDA:3,findOneItem
FNDA:3,(anonymous_9)
FNDA:1,findAllItems
FNDA:0,updateItem
FNDA:0,deleteItem
DA:3,1
DA:7,5
DA:9,1
DA:11,1
DA:13,1
DA:15,1
DA:17,2
DA:19,1
DA:21,1
DA:24,1
DA:26,1
DA:31,1
DA:34,1
DA:44,1
DA:45,1
DA:53,3
DA:54,3
DA:64,1
DA:71,0
DA:72,0
DA:73,0
DA:74,0
DA:75,0
DA:76,0
DA:77,0
DA:78,0
DA:79,0
DA:87,0
DA:88,0
DA:89,0
DA:90,0
DA:94,1
DA:97,1
LF:33
LH:20
BRDA:7,0,0,5
BRDA:7,0,1,5
BRDA:7,1,0,5
BRDA:7,1,1,0
BRDA:7,2,0,1
BRDA:7,2,1,0
BRDA:7,3,0,0
BRDA:7,3,1,1
BRDA:17,4,0,0
BRDA:17,4,1,2
BRDA:17,5,0,2
BRDA:17,5,1,2
BRDA:19,6,0,0
BRDA:19,6,1,1
BRDA:36,7,0,1
BRDA:36,7,1,0
BRDA:37,8,0,1
BRDA:37,8,1,0
BRDA:38,9,0,1
BRDA:38,9,1,0
BRDA:39,10,0,1
BRDA:39,10,1,0
BRDA:40,11,0,1
BRDA:40,11,1,0
BRDA:73,12,0,0
BRDA:73,12,1,0
BRDA:74,13,0,0
BRDA:74,13,1,0
BRDA:75,14,0,0
BRDA:75,14,1,0
BRDA:76,15,0,0
BRDA:76,15,1,0
BRDA:77,16,0,0
BRDA:77,16,1,0
BRF:34
BRH:14
end_of_record
TN:
SF:C:/wamp64/www/Fast-Food-Delivery-App/build/api/model/orders.js
FN:7,(anonymous_0)
FN:7,defineProperties
FN:7,(anonymous_2)
FN:17,_interopRequireDefault
FN:19,_classCallCheck
FN:21,(anonymous_5)
FN:23,FoodItems
FN:34,createOrders
FN:55,findOneOrder
FN:56,(anonymous_9)
FN:66,findAllOrders
FN:73,updateOrders
FN:89,deleteOrders
FNF:13
FNH:11
FNDA:1,(anonymous_0)
FNDA:1,defineProperties
FNDA:1,(anonymous_2)
FNDA:2,_interopRequireDefault
FNDA:1,_classCallCheck
FNDA:1,(anonymous_5)
FNDA:1,FoodItems
FNDA:1,createOrders
FNDA:3,findOneOrder
FNDA:3,(anonymous_9)
FNDA:1,findAllOrders
FNDA:0,updateOrders
FNDA:0,deleteOrders
DA:3,1
DA:7,5
DA:9,1
DA:11,1
DA:13,1
DA:15,1
DA:17,2
DA:19,1
DA:21,1
DA:24,1
DA:27,1
DA:32,1
DA:35,1
DA:47,1
DA:48,1
DA:56,3
DA:57,3
DA:67,1
DA:74,0
DA:75,0
DA:76,0
DA:77,0
DA:78,0
DA:79,0
DA:80,0
DA:81,0
DA:82,0
DA:90,0
DA:91,0
DA:92,0
DA:93,0
DA:97,1
DA:100,1
LF:33
LH:20
BRDA:7,0,0,5
BRDA:7,0,1,5
BRDA:7,1,0,5
BRDA:7,1,1,0
BRDA:7,2,0,1
BRDA:7,2,1,0
BRDA:7,3,0,0
BRDA:7,3,1,1
BRDA:17,4,0,0
BRDA:17,4,1,2
BRDA:17,5,0,2
BRDA:17,5,1,2
BRDA:19,6,0,0
BRDA:19,6,1,1
BRDA:37,7,0,1
BRDA:37,7,1,0
BRDA:38,8,0,1
BRDA:38,8,1,0
BRDA:39,9,0,1
BRDA:39,9,1,0
BRDA:40,10,0,1
BRDA:40,10,1,0
BRDA:41,11,0,1
BRDA:41,11,1,1
BRDA:42,12,0,1
BRDA:42,12,1,0
BRDA:43,13,0,1
BRDA:43,13,1,0
BRDA:76,14,0,0
BRDA:76,14,1,0
BRDA:77,15,0,0
BRDA:77,15,1,0
BRDA:78,16,0,0
BRDA:78,16,1,0
BRDA:79,17,0,0
BRDA:79,17,1,0
BRDA:80,18,0,0
BRDA:80,18,1,0
BRF:38
BRH:17
end_of_record
TN:
SF:C:/wamp64/www/Fast-Food-Delivery-App/build/api/model/users.js
FN:7,(anonymous_0)
FN:7,defineProperties
FN:7,(anonymous_2)
FN:21,_interopRequireDefault
FN:23,_classCallCheck
FN:27,(anonymous_5)
FN:29,User
FN:39,userRegistration
FN:57,findOneUser
FN:58,(anonymous_9)
FN:64,userExistEmail
FN:65,(anonymous_11)
FN:71,userSigin
FN:72,(anonymous_13)
FN:81,findAllUsers
FN:88,updateUser
FN:103,deleteUser
FNF:17
FNH:15
FNDA:1,(anonymous_0)
FNDA:1,defineProperties
FNDA:1,(anonymous_2)
FNDA:3,_interopRequireDefault
FNDA:1,_classCallCheck
FNDA:1,(anonymous_5)
FNDA:1,User
FNDA:1,userRegistration
FNDA:4,findOneUser
FNDA:4,(anonymous_9)
FNDA:2,userExistEmail
FNDA:1,(anonymous_11)
FNDA:2,userSigin
FNDA:2,(anonymous_13)
FNDA:1,findAllUsers
FNDA:0,updateUser
FNDA:0,deleteUser
DA:3,1
DA:7,7
DA:9,1
DA:11,1
DA:13,1
DA:15,1
DA:17,1
DA:19,1
DA:21,3
DA:23,1
DA:25,1
DA:27,1
DA:30,1
DA:32,1
DA:37,1
DA:40,1
DA:49,1
DA:50,1
DA:58,4
DA:59,4
DA:65,2
DA:66,1
DA:72,2
DA:73,2
DA:82,1
DA:89,0
DA:90,0
DA:91,0
DA:92,0
DA:93,0
DA:94,0
DA:95,0
DA:96,0
DA:104,0
DA:105,0
DA:106,0
DA:107,0
DA:111,1
DA:114,1
LF:39
LH:27
BRDA:7,0,0,7
BRDA:7,0,1,7
BRDA:7,1,0,7
BRDA:7,1,1,0
BRDA:7,2,0,1
BRDA:7,2,1,0
BRDA:7,3,0,0
BRDA:7,3,1,1
BRDA:21,4,0,0
BRDA:21,4,1,3
BRDA:21,5,0,3
BRDA:21,5,1,3
BRDA:23,6,0,0
BRDA:23,6,1,1
BRDA:42,7,0,1
BRDA:42,7,1,0
BRDA:43,8,0,1
BRDA:43,8,1,0
BRDA:44,9,0,1
BRDA:44,9,1,0
BRDA:45,10,0,1
BRDA:45,10,1,0
BRDA:92,11,0,0
BRDA:92,11,1,0
BRDA:93,12,0,0
BRDA:93,12,1,0
BRDA:94,13,0,0
BRDA:94,13,1,0
BRF:28
BRH:13
end_of_record
